<?xml version="1.0" encoding="UTF-8"?>
<!-- Generated by org.testng.reporters.JUnitReportReporter -->
<testsuite hostname="MSI" failures="0" tests="2" name="com.helloworld.AppTest" time="0.016" errors="0" timestamp="2024-05-12T20:05:27 IST" skipped="0">
  <testcase classname="com.helloworld.AppTest" name="testlogin2" time="0.000"/>
  <testcase classname="com.helloworld.AppTest" name="testlogin1" time="0.016"/>
</testsuite> <!-- com.helloworld.AppTest -->
